2026-03-05 23:36:20 [main] INFO  com.example.dhcpms.DhcPmsApplication - Starting DhcPmsApplication using Java 17 on Liang with PID 30316 (C:\Users\98249\Desktop\JavaEE\DHC-PMS\target\classes started by Liang in C:\Users\98249\Desktop\JavaEE\DHC-PMS)
2026-03-05 23:36:20 [main] DEBUG com.example.dhcpms.DhcPmsApplication - Running with Spring Boot v2.7.18, Spring v5.3.31
2026-03-05 23:36:20 [main] INFO  com.example.dhcpms.DhcPmsApplication - No active profile set, falling back to 1 default profile: "default"
2026-03-05 23:36:20 [main] INFO  o.s.d.r.config.RepositoryConfigurationDelegate - Multiple Spring Data modules found, entering strict repository configuration mode
2026-03-05 23:36:20 [main] INFO  o.s.d.r.config.RepositoryConfigurationDelegate - Bootstrapping Spring Data Redis repositories in DEFAULT mode.
2026-03-05 23:36:20 [main] INFO  o.s.d.r.config.RepositoryConfigurationDelegate - Finished Spring Data repository scanning in 20 ms. Found 0 Redis repository interfaces.
2026-03-05 23:36:21 [main] INFO  o.s.boot.web.embedded.tomcat.TomcatWebServer - Tomcat initialized with port(s): 8080 (http)
2026-03-05 23:36:21 [main] INFO  org.apache.catalina.core.StandardService - Starting service [Tomcat]
2026-03-05 23:36:21 [main] INFO  org.apache.catalina.core.StandardEngine - Starting Servlet engine: [Apache Tomcat/9.0.83]
2026-03-05 23:36:21 [main] INFO  o.a.c.core.ContainerBase.[Tomcat].[localhost].[/] - Initializing Spring embedded WebApplicationContext
2026-03-05 23:36:21 [main] INFO  o.s.b.w.s.c.ServletWebServerApplicationContext - Root WebApplicationContext: initialization completed in 1377 ms
2026-03-05 23:36:22 [main] WARN  o.s.b.a.s.s.UserDetailsServiceAutoConfiguration - 

Using generated security password: 6fea5e08-b64b-45c7-80dc-2c1d0527a496

This generated password is for development use only. Your security configuration must be updated before running your application in production.

2026-03-05 23:36:22 [main] INFO  o.s.security.web.DefaultSecurityFilterChain - Will secure any request with [org.springframework.security.web.session.DisableEncodeUrlFilter@dae5e0, org.springframework.security.web.context.request.async.WebAsyncManagerIntegrationFilter@59a94d0f, org.springframework.security.web.context.SecurityContextPersistenceFilter@2a667f44, org.springframework.security.web.header.HeaderWriterFilter@6233c6c2, org.springframework.web.filter.CorsFilter@7ff09659, org.springframework.security.web.savedrequest.RequestCacheAwareFilter@3f6f9cef, org.springframework.security.web.servletapi.SecurityContextHolderAwareRequestFilter@3b65084e, org.springframework.security.web.authentication.AnonymousAuthenticationFilter@517fbf62, org.springframework.security.web.session.SessionManagementFilter@7e50eeb9, org.springframework.security.web.access.ExceptionTranslationFilter@4d8056bf, org.springframework.security.web.access.intercept.AuthorizationFilter@343db2f6]
2026-03-05 23:36:22 [main] INFO  o.s.b.a.web.servlet.WelcomePageHandlerMapping - Adding welcome page: class path resource [static/index.html]
2026-03-05 23:36:22 [main] INFO  o.s.boot.web.embedded.tomcat.TomcatWebServer - Tomcat started on port(s): 8080 (http) with context path ''
2026-03-05 23:36:22 [main] INFO  com.example.dhcpms.DhcPmsApplication - Started DhcPmsApplication in 3.163 seconds (JVM running for 3.739)
2026-03-05 23:38:03 [http-nio-8080-exec-1] INFO  o.a.c.core.ContainerBase.[Tomcat].[localhost].[/] - Initializing Spring DispatcherServlet 'dispatcherServlet'
2026-03-05 23:38:03 [http-nio-8080-exec-1] INFO  org.springframework.web.servlet.DispatcherServlet - Initializing Servlet 'dispatcherServlet'
2026-03-05 23:38:03 [http-nio-8080-exec-1] INFO  org.springframework.web.servlet.DispatcherServlet - Completed initialization in 1 ms
2026-03-05 23:38:07 [http-nio-8080-exec-2] INFO  com.zaxxer.hikari.HikariDataSource - HikariPool-1 - Starting...
2026-03-05 23:38:07 [http-nio-8080-exec-2] INFO  com.zaxxer.hikari.HikariDataSource - HikariPool-1 - Start completed.
2026-03-05 23:38:18 [http-nio-8080-exec-3] INFO  com.example.dhcpms.controller.UserController - 登录请求参数：{role=1, loginType=password, username=admin06, password=12345678}
2026-03-05 23:39:55 [SpringApplicationShutdownHook] INFO  com.zaxxer.hikari.HikariDataSource - HikariPool-1 - Shutdown initiated...
2026-03-05 23:39:55 [SpringApplicationShutdownHook] INFO  com.zaxxer.hikari.HikariDataSource - HikariPool-1 - Shutdown completed.
2026-03-05 23:40:22 [main] INFO  com.example.dhcpms.DhcPmsApplication - Starting DhcPmsApplication using Java 17 on Liang with PID 31080 (C:\Users\98249\Desktop\JavaEE\DHC-PMS\target\classes started by Liang in C:\Users\98249\Desktop\JavaEE\DHC-PMS)
2026-03-05 23:40:22 [main] DEBUG com.example.dhcpms.DhcPmsApplication - Running with Spring Boot v2.7.18, Spring v5.3.31
2026-03-05 23:40:22 [main] INFO  com.example.dhcpms.DhcPmsApplication - No active profile set, falling back to 1 default profile: "default"
2026-03-05 23:40:23 [main] INFO  o.s.d.r.config.RepositoryConfigurationDelegate - Multiple Spring Data modules found, entering strict repository configuration mode
2026-03-05 23:40:23 [main] INFO  o.s.d.r.config.RepositoryConfigurationDelegate - Bootstrapping Spring Data Redis repositories in DEFAULT mode.
2026-03-05 23:40:23 [main] INFO  o.s.d.r.config.RepositoryConfigurationDelegate - Finished Spring Data repository scanning in 36 ms. Found 0 Redis repository interfaces.
2026-03-05 23:40:24 [main] INFO  o.s.boot.web.embedded.tomcat.TomcatWebServer - Tomcat initialized with port(s): 8080 (http)
2026-03-05 23:40:24 [main] INFO  org.apache.catalina.core.StandardService - Starting service [Tomcat]
2026-03-05 23:40:24 [main] INFO  org.apache.catalina.core.StandardEngine - Starting Servlet engine: [Apache Tomcat/9.0.83]
2026-03-05 23:40:24 [main] INFO  o.a.c.core.ContainerBase.[Tomcat].[localhost].[/] - Initializing Spring embedded WebApplicationContext
2026-03-05 23:40:24 [main] INFO  o.s.b.w.s.c.ServletWebServerApplicationContext - Root WebApplicationContext: initialization completed in 1780 ms
2026-03-05 23:40:25 [main] WARN  o.s.b.a.s.s.UserDetailsServiceAutoConfiguration - 

Using generated security password: bf981e41-0cbf-4018-834b-5d95df54c489

This generated password is for development use only. Your security configuration must be updated before running your application in production.

2026-03-05 23:40:25 [main] INFO  o.s.security.web.DefaultSecurityFilterChain - Will secure any request with [org.springframework.security.web.session.DisableEncodeUrlFilter@65db548, org.springframework.security.web.context.request.async.WebAsyncManagerIntegrationFilter@150f41b9, org.springframework.security.web.context.SecurityContextPersistenceFilter@7858d31d, org.springframework.security.web.header.HeaderWriterFilter@48b2dbc4, org.springframework.web.filter.CorsFilter@6e364f1f, org.springframework.security.web.savedrequest.RequestCacheAwareFilter@3b65084e, org.springframework.security.web.servletapi.SecurityContextHolderAwareRequestFilter@14656be5, org.springframework.security.web.authentication.AnonymousAuthenticationFilter@429e7914, org.springframework.security.web.session.SessionManagementFilter@53ba7997, org.springframework.security.web.access.ExceptionTranslationFilter@7e50eeb9, org.springframework.security.web.access.intercept.AuthorizationFilter@59a94d0f]
2026-03-05 23:40:25 [main] INFO  o.s.b.a.web.servlet.WelcomePageHandlerMapping - Adding welcome page: class path resource [static/index.html]
2026-03-05 23:40:25 [main] INFO  o.s.boot.web.embedded.tomcat.TomcatWebServer - Tomcat started on port(s): 8080 (http) with context path ''
2026-03-05 23:40:25 [main] INFO  com.example.dhcpms.DhcPmsApplication - Started DhcPmsApplication in 3.826 seconds (JVM running for 4.374)
2026-03-05 23:40:46 [http-nio-8080-exec-1] INFO  o.a.c.core.ContainerBase.[Tomcat].[localhost].[/] - Initializing Spring DispatcherServlet 'dispatcherServlet'
2026-03-05 23:40:46 [http-nio-8080-exec-1] INFO  org.springframework.web.servlet.DispatcherServlet - Initializing Servlet 'dispatcherServlet'
2026-03-05 23:40:46 [http-nio-8080-exec-1] INFO  org.springframework.web.servlet.DispatcherServlet - Completed initialization in 2 ms
2026-03-05 23:40:47 [http-nio-8080-exec-1] INFO  com.zaxxer.hikari.HikariDataSource - HikariPool-1 - Starting...
2026-03-05 23:40:47 [http-nio-8080-exec-1] INFO  com.zaxxer.hikari.HikariDataSource - HikariPool-1 - Start completed.
2026-03-05 23:42:02 [SpringApplicationShutdownHook] INFO  com.zaxxer.hikari.HikariDataSource - HikariPool-1 - Shutdown initiated...
2026-03-05 23:42:02 [SpringApplicationShutdownHook] INFO  com.zaxxer.hikari.HikariDataSource - HikariPool-1 - Shutdown completed.
